<?xml version="1.0" encoding="UTF-8"?>
<!-- Generated by org.testng.reporters.JUnitReportReporter -->
<testsuite skipped="0" hostname="LAPTOP-5EBHP9EP" name="com.functional.testing.TestExecution" tests="2" failures="0" timestamp="29 Sep 2020 23:10:15 GMT" time="18.547" errors="0">
  <testcase name="test1" time="12.230" classname="com.functional.testing.TestExecution"/>
  <testcase name="test2" time="6.317" classname="com.functional.testing.TestExecution"/>
</testsuite> <!-- com.functional.testing.TestExecution -->
